<?xml version="1.0" encoding="UTF-8"?>
<!-- Generated by org.testng.reporters.JUnitReportReporter -->
<testsuite skipped="0" hostname="BLTSP02255" name="Test.day1" tests="2" failures="0" timestamp="20 Jun 2019 05:36:39 GMT" time="0.013" errors="0">
  <testcase name="PersonalLoan1" time="0.010" classname="Test.day1"/>
  <testcase name="PersonalLoan2" time="0.003" classname="Test.day1"/>
</testsuite> <!-- Test.day1 -->
