<?xml version="1.0" encoding="UTF-8"?>
<!-- Generated by org.testng.reporters.JUnitReportReporter -->
<testsuite skipped="0" hostname="BLTSP02255" name="Test.day3" tests="5" failures="0" timestamp="20 Jun 2019 05:36:39 GMT" time="0.006" errors="0">
  <testcase name="Mobilelogin2" time="0.001" classname="Test.day3"/>
  <testcase name="WebloginCarloan" time="0.001" classname="Test.day3"/>
  <testcase name="LoginApicall" time="0.001" classname="Test.day3"/>
  <testcase name="Mobilelogin3" time="0.002" classname="Test.day3"/>
  <testcase name="Mobilelogin" time="0.001" classname="Test.day3"/>
</testsuite> <!-- Test.day3 -->
