<?xml version="1.0" encoding="UTF-8"?>
<!-- Generated by org.testng.reporters.JUnitReportReporter -->
<testsuite skipped="0" hostname="BLTSP02255" name="Test.day5" tests="3" failures="0" timestamp="20 Jun 2019 09:15:27 GMT" time="0.010" errors="0">
  <testcase name="method1" time="0.001" classname="Test.day5"/>
  <testcase name="method1" time="0.008" classname="Test.day5"/>
  <testcase name="method1" time="0.001" classname="Test.day5"/>
</testsuite> <!-- Test.day5 -->
