<?xml version="1.0" encoding="UTF-8"?>
<!-- Generated by org.testng.reporters.JUnitReportReporter -->
<testsuite skipped="0" hostname="BLTSP02255" name="Test.day2" tests="2" failures="0" timestamp="20 Jun 2019 05:36:39 GMT" time="0.005" errors="0">
  <testcase name="PersonalLoan_2" time="0.004" classname="Test.day2"/>
  <testcase name="PersonalLoan_1" time="0.001" classname="Test.day2"/>
</testsuite> <!-- Test.day2 -->
