<?xml version="1.0" encoding="UTF-8"?>
<!-- Generated by org.testng.reporters.JUnitReportReporter -->
<testsuite skipped="0" hostname="BLTSP02255" name="Test.day4" tests="3" failures="0" timestamp="20 Jun 2019 05:36:39 GMT" time="0.003" errors="0">
  <testcase name="WebloginHomeloan" time="0.001" classname="Test.day4"/>
  <testcase name="Mobilelogin" time="0.001" classname="Test.day4"/>
  <testcase name="LoginApicall" time="0.001" classname="Test.day4"/>
</testsuite> <!-- Test.day4 -->
